
/home/runner/work/exp-measurement-displacement-lvdt-iitkgp/exp-measurement-displacement-lvdt-iitkgp/experiment/simulation/js/LVDT.js
    8:1   warning  '$' is not defined                            no-undef
    9:3   warning  '$' is not defined                            no-undef
   10:5   warning  '$' is not defined                            no-undef
   13:1   warning  '$' is not defined                            no-undef
   14:3   warning  '$' is not defined                            no-undef
   16:5   warning  '$' is not defined                            no-undef
   24:10  warning  'power' is defined but never used             no-unused-vars
   29:1   warning  '$' is not defined                            no-undef
   35:1   warning  '$' is not defined                            no-undef
   42:12  warning  't' is assigned a value but never used        no-unused-vars
   47:1   warning  Mixed spaces and tabs                         no-mixed-spaces-and-tabs
   50:2   warning  Mixed spaces and tabs                         no-mixed-spaces-and-tabs
   61:1   warning  Mixed spaces and tabs                         no-mixed-spaces-and-tabs
   64:2   warning  Mixed spaces and tabs                         no-mixed-spaces-and-tabs
   72:10  warning  'rotategauge' is defined but never used       no-unused-vars
   74:1   warning  Mixed spaces and tabs                         no-mixed-spaces-and-tabs
   77:10  warning  'rotategaugerev' is defined but never used    no-unused-vars
   79:1   warning  Mixed spaces and tabs                         no-mixed-spaces-and-tabs
   89:10  warning  'cscalePosChng' is defined but never used     no-unused-vars
   94:14  warning  'math' is not defined                         no-undef
   95:13  warning  'math' is not defined                         no-undef
  103:10  warning  'cscalePosChngRev' is defined but never used  no-unused-vars
  108:14  warning  'math' is not defined                         no-undef
  109:13  warning  'math' is not defined                         no-undef
  122:11  warning  'screw_widthincr' is defined but never used   no-unused-vars
  123:1   warning  Mixed spaces and tabs                         no-mixed-spaces-and-tabs
  125:15  warning  'math' is not defined                         no-undef
  128:1   warning  Mixed spaces and tabs                         no-mixed-spaces-and-tabs
  131:11  warning  'screw_widthdecr' is defined but never used   no-unused-vars
  132:1   warning  Mixed spaces and tabs                         no-mixed-spaces-and-tabs
  134:15  warning  'math' is not defined                         no-undef
  142:11  warning  'core_widthincr' is defined but never used    no-unused-vars
  143:1   warning  Mixed spaces and tabs                         no-mixed-spaces-and-tabs
  145:15  warning  'math' is not defined                         no-undef
  148:1   warning  Mixed spaces and tabs                         no-mixed-spaces-and-tabs
  151:11  warning  'core_widthdecr' is defined but never used    no-unused-vars
  152:1   warning  Mixed spaces and tabs                         no-mixed-spaces-and-tabs
  154:15  warning  'math' is not defined                         no-undef
  163:11  warning  'Math_model' is defined but never used        no-unused-vars
  164:1   warning  Mixed spaces and tabs                         no-mixed-spaces-and-tabs
  167:13  warning  'math' is not defined                         no-undef
  168:16  warning  'math' is not defined                         no-undef
  172:14  warning  'math' is not defined                         no-undef
  173:9   warning  'math' is not defined                         no-undef
  173:20  warning  'math' is not defined                         no-undef
  175:17  warning  'math' is not defined                         no-undef
  178:6   warning  'math' is not defined                         no-undef
  178:15  warning  'math' is not defined                         no-undef
  180:50  warning  'math' is not defined                         no-undef
  181:1   warning  Mixed spaces and tabs                         no-mixed-spaces-and-tabs
  197:10  warning  'CreateTable' is defined but never used       no-unused-vars
  231:10  warning  'plot' is defined but never used              no-unused-vars
  284:1   warning  Mixed spaces and tabs                         no-mixed-spaces-and-tabs
  285:1   warning  Mixed spaces and tabs                         no-mixed-spaces-and-tabs
  298:1   warning  Mixed spaces and tabs                         no-mixed-spaces-and-tabs
  311:1   warning  'Plotly' is not defined                       no-undef
  318:10  warning  'Refresh' is defined but never used           no-unused-vars

✖ 57 problems (0 errors, 57 warnings)

